1615908530198	geckodriver	INFO	Listening on 127.0.0.1:52696
1615908533331	mozrunner::runner	INFO	Running command: "C:\\Program Files\\Mozilla Firefox\\firefox.exe" "--marionette" "--start-maximized" "-foreground" "-no-remote" "-profile" "C:\\Users\\user\\AppData\\Local\\Temp\\rust_mozprofileC3bkmX"
console.warn: SearchSettings: "get: No settings file exists, new profile?" (new Error("", "(unknown module)"))
1615908549345	Marionette	INFO	Listening on port 52706
1615908550080	Marionette	WARN	TLS certificate errors will be ignored for this session
console.error: Region.jsm: "Error fetching region" (new AbortError("The operation was aborted. ", (void 0), 773))
console.error: Region.jsm: "Failed to fetch region" (new Error("NO_RESULT", "resource://gre/modules/Region.jsm", 422))
console.warn: LoginRecipes: "getRecipes: falling back to a synchronous message for:" "https://pilihjurusan.net"
console.warn: LoginRecipes: "getRecipes: falling back to a synchronous message for:" "https://pilihjurusan.net"
console.warn: LoginRecipes: "getRecipes: falling back to a synchronous message for:" "https://pilihjurusan.net"
console.warn: LoginRecipes: "getRecipes: falling back to a synchronous message for:" "https://pilihjurusan.net"
[Parent 1860, IPC I/O Parent] WARNING: file /builds/worker/checkouts/gecko/ipc/chromium/src/base/process_util_win.cc:167
[Parent 1860, IPC I/O Parent] WARNING: file /builds/worker/checkouts/gecko/ipc/chromium/src/base/process_util_win.cc:167
1615908696764	Marionette	INFO	Stopped listening on port 52706

###!!! [Child][RunMessage] Error: Channel closing: too late to send/recv, messages will be lost

1615908700282	geckodriver	INFO	Listening on 127.0.0.1:52850
1615908703883	mozrunner::runner	INFO	Running command: "C:\\Program Files\\Mozilla Firefox\\firefox.exe" "--marionette" "--start-maximized" "-foreground" "-no-remote" "-profile" "C:\\Users\\user\\AppData\\Local\\Temp\\rust_mozprofileLlVj4l"
1615908822334	geckodriver	INFO	Listening on 127.0.0.1:52915
1615908825568	mozrunner::runner	INFO	Running command: "C:\\Program Files\\Mozilla Firefox\\firefox.exe" "--marionette" "--start-maximized" "-foreground" "-no-remote" "-profile" "C:\\Users\\user\\AppData\\Local\\Temp\\rust_mozprofilepHRPgq"
console.warn: SearchSettings: "get: No settings file exists, new profile?" (new Error("", "(unknown module)"))
1615908834896	Marionette	INFO	Listening on port 52923
1615908835465	Marionette	WARN	TLS certificate errors will be ignored for this session
1615908849408	Marionette	INFO	Stopped listening on port 52923

###!!! [Child][RunMessage] Error: Channel closing: too late to send/recv, messages will be lost

1615977665974	geckodriver	INFO	Listening on 127.0.0.1:50023
1615977669126	mozrunner::runner	INFO	Running command: "C:\\Program Files\\Mozilla Firefox\\firefox.exe" "--marionette" "--start-maximized" "-foreground" "-no-remote" "-profile" "C:\\Users\\user\\AppData\\Local\\Temp\\rust_mozprofileUFz2Hc"
console.warn: SearchSettings: "get: No settings file exists, new profile?" (new Error("", "(unknown module)"))
console.error: Region.jsm: "Error fetching region" (new Error("TIMEOUT", "resource://gre/modules/Region.jsm", 775))
console.error: Region.jsm: "Failed to fetch region" (new Error("TIMEOUT", "resource://gre/modules/Region.jsm", 422))
1615977684339	Marionette	INFO	Listening on port 50031
1615977685187	Marionette	WARN	TLS certificate errors will be ignored for this session
1615977828218	Marionette	INFO	Stopped listening on port 50031
1615977840431	geckodriver	INFO	Listening on 127.0.0.1:50139
1615977843794	mozrunner::runner	INFO	Running command: "C:\\Program Files\\Mozilla Firefox\\firefox.exe" "--marionette" "--start-maximized" "-foreground" "-no-remote" "-profile" "C:\\Users\\user\\AppData\\Local\\Temp\\rust_mozprofileaCllGL"
console.warn: SearchSettings: "get: No settings file exists, new profile?" (new Error("", "(unknown module)"))
1615977854611	Marionette	INFO	Listening on port 50149
1615977854823	Marionette	WARN	TLS certificate errors will be ignored for this session
1615978147315	Marionette	INFO	Stopped listening on port 50149

###!!! [Child][RunMessage] Error: Channel closing: too late to send/recv, messages will be lost

1615978158333	geckodriver	INFO	Listening on 127.0.0.1:50257
1615978161647	mozrunner::runner	INFO	Running command: "C:\\Program Files\\Mozilla Firefox\\firefox.exe" "--marionette" "--start-maximized" "-foreground" "-no-remote" "-profile" "C:\\Users\\user\\AppData\\Local\\Temp\\rust_mozprofileZYnZMM"
console.warn: SearchSettings: "get: No settings file exists, new profile?" (new Error("", "(unknown module)"))
1615978170934	Marionette	INFO	Listening on port 50265
1615978171533	Marionette	WARN	TLS certificate errors will be ignored for this session
1615978623054	Marionette	INFO	Stopped listening on port 50265

###!!! [Child][RunMessage] Error: Channel closing: too late to send/recv, messages will be lost

1616079075417	geckodriver	INFO	Listening on 127.0.0.1:52437
1616079080236	mozrunner::runner	INFO	Running command: "C:\\Program Files\\Mozilla Firefox\\firefox.exe" "--marionette" "--start-maximized" "-foreground" "-no-remote" "-profile" "C:\\Users\\user\\AppData\\Local\\Temp\\rust_mozprofileOvK0Nv"
console.warn: SearchSettings: "get: No settings file exists, new profile?" (new Error("", "(unknown module)"))
console.error: Region.jsm: "Error fetching region" (new Error("TIMEOUT", "resource://gre/modules/Region.jsm", 775))
console.error: Region.jsm: "Failed to fetch region" (new Error("TIMEOUT", "resource://gre/modules/Region.jsm", 422))
[Parent 5972, IPC I/O Parent] WARNING: file /builds/worker/checkouts/gecko/ipc/chromium/src/base/process_util_win.cc:167
1616079162391	Marionette	INFO	Listening on port 52449
1616079403167	Marionette	INFO	Stopped listening on port 52449

###!!! [Child][RunMessage] Error: Channel closing: too late to send/recv, messages will be lost

1616079493648	geckodriver	INFO	Listening on 127.0.0.1:52623
1616079498384	mozrunner::runner	INFO	Running command: "C:\\Program Files\\Mozilla Firefox\\firefox.exe" "--marionette" "--start-maximized" "-foreground" "-no-remote" "-profile" "C:\\Users\\user\\AppData\\Local\\Temp\\rust_mozprofilerdGZnG"
console.warn: SearchSettings: "get: No settings file exists, new profile?" (new Error("", "(unknown module)"))
1616079525604	Marionette	INFO	Listening on port 52631
1616079525953	Marionette	WARN	TLS certificate errors will be ignored for this session
[Parent 6536, IPC I/O Parent] WARNING: file /builds/worker/checkouts/gecko/ipc/chromium/src/base/process_util_win.cc:167
[Parent 6536, IPC I/O Parent] WARNING: file /builds/worker/checkouts/gecko/ipc/chromium/src/base/process_util_win.cc:167
1616079710784	Marionette	INFO	Stopped listening on port 52631

###!!! [Child][RunMessage] Error: Channel closing: too late to send/recv, messages will be lost

))
1616079652076	Marionette	INFO	Listening on port 52746
1616079652676	Marionette	WARN	TLS certificate errors will be ignored for this session
console.error: "Error while calling actor 'pagestyle's method 'getApplied'" "node is null"
console.error: "getApplied@resource://devtools/server/actors/page-style.js:571:5\nhandler@resource://devtools/shared/protocol/Actor.js:172:37\nonPacket@resource://devtools/server/devtools-server-connection.js:379:58\nreceiveMessage@resource://devtools/shared/transport/child-transport.js:68:16\n"
JavaScript error: resource://gre/modules/XULStore.jsm, line 66: Error: Can't find profile directory.
JavaScript error: resource://gre/modules/XULStore.jsm, line 66: Error: Can't find profile directory.
console.warn: LoginRecipes: "getRecipes: falling back to a synchronous message for:" "https://pilihjurusan.net"
console.warn: LoginRecipes: "getRecipes: falling back to a synchronous message for:" "https://pilihjurusan.net"
console.warn: LoginRecipes: "getRecipes: falling back to a synchronous message for:" "https://pilihjurusan.net"
console.warn: LoginRecipes: "getRecipes: falling back to a synchronous message for:" "https://pilihjurusan.net"
console.warn: LoginRecipes: "getRecipes: falling back to a synchronous message for:" "https://pilihjurusan.net"
console.warn: LoginRecipes: "getRecipes: falling back to a synchronous message for:" "https://pilihjurusan.net"
JavaScript error: , line 0: NS_ERROR_NOT_AVAILABLE
console.warn: LoginRecipes: "getRecipes: falling back to a synchronous message for:" "https://pilihjurusan.net"
console.warn: LoginRecipes: "getRecipes: falling back to a synchronous message for:" "https://pilihjurusan.net"
console.warn: LoginRecipes: "getRecipes: falling back to a synchronous message for:" "https://pilihjurusan.net"
console.warn: LoginRecipes: "getRecipes: falling back to a synchronous message for:" "https://pilihjurusan.net"
console.warn: LoginRecipes: "getRecipes: falling back to a synchronous message for:" "https://pilihjurusan.net"
console.warn: LoginRecipes: "getRecipes: falling back to a synchronous message for:" "https://pilihjurusan.net"
[Parent 9504, IPC I/O Parent] WARNING: file /builds/worker/checkouts/gecko/ipc/chromium/src/base/process_util_win.cc:167
1616082951155	Marionette	INFO	Stopped listening on port 52746
JavaScript error: resource:///modules/sessionstore/SessionStore.jsm, line 5200: NS_ERROR_UNEXPECTED: Component returned failure code: 0x8000ffff (NS_ERROR_UNEXPECTED) [nsIWindowMediator.getEnumerator]
", "(unknown module)"))
1616082529965	Marionette	INFO	Listening on port 53265
1616082531090	Marionette	WARN	TLS certificate errors will be ignored for this session
JavaScript error: resource://gre/modules/XULStore.jsm, line 66: Error: Can't find profile directory.
JavaScript error: resource://gre/modules/XULStore.jsm, line 66: Error: Can't find profile directory.
JavaScript error: , line 0: NS_ERROR_NOT_AVAILABLE
console.error: "Error while calling actor 'pagestyle's method 'getApplied'" "node is null"
console.error: "getApplied@resource://devtools/server/actors/page-style.js:571:5\nhandler@resource://devtools/shared/protocol/Actor.js:172:37\nonPacket@resource://devtools/server/devtools-server-connection.js:379:58\nreceiveMessage@resource://devtools/shared/transport/child-transport.js:68:16\n"
[Parent 604, IPC I/O Parent] WARNING: file /builds/worker/checkouts/gecko/ipc/chromium/src/base/process_util_win.cc:167
1616083801712	Marionette	INFO	Stopped listening on port 53265
art-maximized" "-foreground" "-no-remote" "-profile" "C:\\Users\\user\\AppData\\Local\\Temp\\rust_mozprofileZ1Euh2"
console.warn: SearchSettings: "get: No settings file exists, new profile?" (new Error("", "(unknown module)"))
console.error: Region.jsm: "Error fetching region" (new AbortError("The operation was aborted. ", (void 0), 773))
console.error: Region.jsm: "Failed to fetch region" (new Error("NO_RESULT", "resource://gre/modules/Region.jsm", 422))
1616083615335	Marionette	INFO	Listening on port 53522
1616083617020	Marionette	WARN	TLS certificate errors will be ignored for this session
console.warn: LoginRecipes: "getRecipes: falling back to a synchronous message for:" "https://pilihjurusan.net"
console.warn: LoginRecipes: "getRecipes: falling back to a synchronous message for:" "https://pilihjurusan.net"
console.warn: LoginRecipes: "getRecipes: falling back to a synchronous message for:" "https://pilihjurusan.net"
1616084104969	Marionette	INFO	Stopped listening on port 53521616084107261	mozrunner::runner	INFO	Running command: "C:\\Program Files\\Mozilla Firefox\\firefox.exe" "--marionette" "--start-maximized" "-foreground" "-no-remote" "-profile" "C:\\Users\\user\\AppData\\Local\\Temp\\rust_mozprofilenDgDmS"
console.warn: SearchSettings: "get: No settings file exists, new profile?" (new Error("", "(unknown module)"))
1616084124503	Marionette	INFO	Listening on port 53699
1616084126798	Marionette	WARN	TLS certificate errors will be ignored for this session
[Parent 4024, IPC I/O Parent] WARNING: file /builds/worker/checkouts/gecko/ipc/chromium/src/base/process_util_win.cc:167
1616084276184	Marionette	INFO	Stopped listening on port 53699

###!!! [Child][RunMessage] Error: Channel closing: too late to send/recv, messages will be lost

